--------------------------------------------------------------------------------------|---------|----------|---------|---------|--------------------------------------------------------------------------------------------------------------------------------------------------------------
File                                                                                  | % Stmts | % Branch | % Funcs | % Lines | Uncovered Line #s                                                                                                                                            
--------------------------------------------------------------------------------------|---------|----------|---------|---------|--------------------------------------------------------------------------------------------------------------------------------------------------------------
All files                                                                             |   40.15 |    12.11 |   14.16 |   39.54 |                                                                                                                                                              
 app                                                                                  |   96.37 |      100 |      80 |   98.74 |                                                                                                                                                              
  app-routing.module.ts                                                               |   43.75 |      100 |       0 |    62.5 | 12-20                                                                                                                                                        
  app.global.ts                                                                       |     100 |      100 |     100 |     100 |                                                                                                                                                              
  content-strings.ts                                                                  |     100 |      100 |     100 |     100 |                                                                                                                                                              
 app/core/classes                                                                     |      95 |       50 |    87.5 |      95 |                                                                                                                                                              
  extendable-state-manager.ts                                                         |     100 |      100 |     100 |     100 |                                                                                                                                                              
  service-state-facade.ts                                                             |     100 |      100 |     100 |     100 |                                                                                                                                                              
  single-entity-state-manager.ts                                                      |     100 |      100 |     100 |     100 |                                                                                                                                                              
  state-manager.ts                                                                    |   88.88 |       50 |      75 |   88.88 | 23                                                                                                                                                           
 app/core/facades/appEvents                                                           |   31.57 |      100 |       0 |   38.46 |                                                                                                                                                              
  app-events.facade.service.ts                                                        |   31.57 |      100 |       0 |   38.46 | 11-37                                                                                                                                                        
 app/core/facades/auth                                                                |   45.65 |    33.33 |   11.53 |   47.61 |                                                                                                                                                              
  auth.facade.service.ts                                                              |   45.65 |    33.33 |   11.53 |   47.61 | 31-41,47-105                                                                                                                                                 
 app/core/facades/content-strings                                                     |   25.42 |        0 |    9.09 |      25 |                                                                                                                                                              
  content-strings.facade.service.ts                                                   |   25.42 |        0 |    9.09 |      25 | 25-29,41-48,57-202                                                                                                                                           
 app/core/facades/environment                                                         |   70.31 |    39.13 |      40 |   69.35 |                                                                                                                                                              
  environment.facade.service.ts                                                       |   70.31 |    39.13 |      40 |   69.35 | 37,58-59,77-99,123-187,195-198                                                                                                                               
 app/core/facades/favourite-merchant                                                  |   41.17 |        0 |       0 |    37.5 |                                                                                                                                                              
  favorite-merchants-facade.service.ts                                                |   41.17 |        0 |       0 |    37.5 | 13-42                                                                                                                                                        
 app/core/facades/identity                                                            |   34.56 |    13.33 |     3.7 |   34.61 |                                                                                                                                                              
  identity.facade.service.ts                                                          |   34.56 |    13.33 |     3.7 |   34.61 | 36-194                                                                                                                                                       
 app/core/facades/institution                                                         |   34.54 |        0 |     5.4 |   33.96 |                                                                                                                                                              
  institution.facade.service.ts                                                       |   34.54 |        0 |     5.4 |   33.96 | 31-61,67-177                                                                                                                                                 
 app/core/facades/menu-merchant                                                       |   47.05 |        0 |       0 |   43.75 |                                                                                                                                                              
  menu-merchant-facade.service.ts                                                     |   47.05 |        0 |       0 |   43.75 | 13-35                                                                                                                                                        
 app/core/facades/merchant                                                            |   28.84 |        0 |    4.54 |   27.65 |                                                                                                                                                              
  merchant-facade.service.ts                                                          |   28.84 |        0 |    4.54 |   27.65 | 26-108                                                                                                                                                       
 app/core/facades/native-startup                                                      |   19.67 |        0 |       0 |   18.33 |                                                                                                                                                              
  native-startup.facade.service.ts                                                    |   19.67 |        0 |       0 |   18.33 | 17-148                                                                                                                                                       
 app/core/facades/secure-messaging                                                    |   28.04 |        0 |    3.57 |   27.84 |                                                                                                                                                              
  secure-messaging.facade.service.ts                                                  |   28.04 |        0 |    3.57 |   27.84 | 30-37,52-210                                                                                                                                                 
 app/core/facades/session                                                             |   16.49 |     6.25 |     3.7 |   16.48 |                                                                                                                                                              
  session.facade.service.ts                                                           |   16.49 |     6.25 |     3.7 |   16.48 | 23-190                                                                                                                                                       
 app/core/facades/settings                                                            |      50 |       40 |   34.78 |      50 |                                                                                                                                                              
  settings-facade.service.ts                                                          |      50 |       40 |   34.78 |      50 | 36-42,48-79,92-118                                                                                                                                           
 app/core/facades/user                                                                |   32.43 |     4.34 |    7.93 |   33.01 |                                                                                                                                                              
  user.facade.service.ts                                                              |   32.43 |     4.34 |    7.93 |   33.01 | 53,65-297                                                                                                                                                    
 app/core/interceptors                                                                |   91.66 |    33.33 |      50 |   91.66 |                                                                                                                                                              
  query-config.model.ts                                                               |   91.66 |    33.33 |      50 |   91.66 | 25                                                                                                                                                           
 app/core/model/add-funds                                                             |     100 |      100 |     100 |     100 |                                                                                                                                                              
  applepay-response.model.ts                                                          |     100 |      100 |     100 |     100 |                                                                                                                                                              
 app/core/model/authentication                                                        |     100 |      100 |     100 |     100 |                                                                                                                                                              
  authentication-info.model.ts                                                        |     100 |      100 |     100 |     100 |                                                                                                                                                              
 app/core/model/environment                                                           |     100 |      100 |     100 |     100 |                                                                                                                                                              
  environment.model.ts                                                                |     100 |      100 |     100 |     100 |                                                                                                                                                              
  index.ts                                                                            |     100 |      100 |     100 |     100 |                                                                                                                                                              
 app/core/model/rewards                                                               |     100 |      100 |     100 |     100 |                                                                                                                                                              
  rewards.model.ts                                                                    |     100 |      100 |     100 |     100 |                                                                                                                                                              
 app/core/model/secure-messaging                                                      |     100 |      100 |     100 |     100 |                                                                                                                                                              
  secure-messaging.model.ts                                                           |     100 |      100 |     100 |     100 |                                                                                                                                                              
 app/core/provider/native-provider                                                    |   37.61 |      7.4 |   10.71 |   39.21 |                                                                                                                                                              
  native.provider.ts                                                                  |   37.61 |      7.4 |   10.71 |   39.21 | 82-270                                                                                                                                                       
 app/core/service/api-service                                                         |   36.36 |    18.18 |   27.27 |   34.61 |                                                                                                                                                              
  api.service.ts                                                                      |   36.36 |    18.18 |   27.27 |   34.61 | 46-216                                                                                                                                                       
 app/core/service/auth-api                                                            |   22.22 |        0 |    7.14 |   21.87 |                                                                                                                                                              
  auth-api.service.ts                                                                 |   22.22 |        0 |    7.14 |   21.87 | 23-141                                                                                                                                                       
 app/core/service/barcode                                                             |   25.75 |       25 |   28.57 |   25.21 |                                                                                                                                                              
  barcode.facade.service.ts                                                           |   83.33 |    66.66 |   69.23 |   80.95 | 31-35,42,47                                                                                                                                                  
  barcode.service.ts                                                                  |   12.96 |        0 |    4.54 |   13.26 | 37-283                                                                                                                                                       
 app/core/service/commerce                                                            |   14.54 |      100 |       4 |   14.89 |                                                                                                                                                              
  commerce-api.service.ts                                                             |   14.54 |      100 |       4 |   14.89 | 22-135                                                                                                                                                       
 app/core/service/content-service                                                     |   33.33 |        0 |   14.28 |   30.43 |                                                                                                                                                              
  content-strings-api.service.ts                                                      |   33.33 |        0 |   14.28 |   30.43 | 24-52                                                                                                                                                        
 app/core/service/coords                                                              |   38.63 |        0 |    8.33 |   39.02 |                                                                                                                                                              
  coords.service.ts                                                                   |   38.63 |        0 |    8.33 |   39.02 | 41-99                                                                                                                                                        
 app/core/service/external-payment                                                    |   18.75 |        0 |       0 |   17.94 |                                                                                                                                                              
  external-payment.service.ts                                                         |   18.75 |        0 |       0 |   17.94 | 23-197                                                                                                                                                       
 app/core/service/identity                                                            |   58.67 |    40.25 |    40.2 |   60.76 |                                                                                                                                                              
  model.identity.ts                                                                   |   70.58 |       75 |   30.76 |   70.58 | 57-83                                                                                                                                                        
  pin-authentication.ts                                                               |   22.72 |        0 |    6.66 |      25 | 19-84                                                                                                                                                        
  vault-factory.service.ts                                                            |   77.55 |       65 |   61.11 |   84.44 | 27,36-45,92,125,128,143                                                                                                                                      
  vault.identity.service.ts                                                           |   60.41 |    27.27 |   45.09 |   60.99 | 49,56,64-67,71-75,144-155,175-181,192,200-208,234-248,295-305,316-370                                                                                        
 app/core/service/institution-api                                                     |   20.51 |        0 |    7.69 |   18.91 |                                                                                                                                                              
  institution-api.service.ts                                                          |   20.51 |        0 |    7.69 |   18.91 | 19-83                                                                                                                                                        
 app/core/service/loading                                                             |    62.5 |       50 |      50 |   60.86 |                                                                                                                                                              
  loading.service.ts                                                                  |    62.5 |       50 |      50 |   60.86 | 45-55,64-69                                                                                                                                                  
 app/core/service/merchant-api-service                                                |   29.72 |        0 |    7.69 |   25.71 |                                                                                                                                                              
  merchant-api.service.ts                                                             |   29.72 |        0 |    7.69 |   25.71 | 23-76                                                                                                                                                        
 app/core/service/modals                                                              |      25 |        0 |      10 |   19.23 |                                                                                                                                                              
  modals.service.ts                                                                   |      25 |        0 |      10 |   19.23 | 13-50                                                                                                                                                        
 app/core/service/native-startup-api                                                  |      50 |      100 |       0 |   44.44 |                                                                                                                                                              
  native-startup-api.service.ts                                                       |      50 |      100 |       0 |   44.44 | 12-23                                                                                                                                                        
 app/core/service/rewards                                                             |   33.33 |        0 |       0 |   30.76 |                                                                                                                                                              
  rewards-api.service.ts                                                              |   33.33 |        0 |       0 |   30.76 | 18-63                                                                                                                                                        
 app/core/service/screen-brightness                                                   |      50 |        0 |       0 |   57.14 |                                                                                                                                                              
  screen-brightness.service.ts                                                        |      50 |        0 |       0 |   57.14 | 9-17                                                                                                                                                         
 app/core/service/secure-messaging                                                    |   47.05 |      100 |    12.5 |   43.75 |                                                                                                                                                              
  secure-messaging-api.service.ts                                                     |   47.05 |      100 |    12.5 |   43.75 | 21-89                                                                                                                                                        
 app/core/service/settings-api-service                                                |   45.94 |        0 |   23.07 |   45.71 |                                                                                                                                                              
  settings-api.service.ts                                                             |   45.94 |        0 |   23.07 |   45.71 | 26-53,59,62,66-88                                                                                                                                            
 app/core/service/toast                                                               |   31.57 |        0 |   16.66 |   27.77 |                                                                                                                                                              
  toast.service.ts                                                                    |   31.57 |        0 |   16.66 |   27.77 | 23-72                                                                                                                                                        
 app/core/service/user-api                                                            |   18.86 |        0 |    8.33 |      18 |                                                                                                                                                              
  user-api.service.ts                                                                 |   18.86 |        0 |    8.33 |      18 | 26-149                                                                                                                                                       
 app/core/states/content-strings                                                      |      35 |     5.88 |   18.75 |   35.29 |                                                                                                                                                              
  content-strings-state.service.ts                                                    |      35 |     5.88 |   18.75 |   35.29 | 20,29-76                                                                                                                                                     
 app/core/states/merchant                                                             |    40.9 |        0 |   16.66 |      45 |                                                                                                                                                              
  merchant-state.service.ts                                                           |    40.9 |        0 |   16.66 |      45 | 17-38                                                                                                                                                        
 app/core/states/settings                                                             |   40.47 |     7.69 |   28.57 |   38.88 |                                                                                                                                                              
  settings-state.service.ts                                                           |   40.47 |     7.69 |   28.57 |   38.88 | 27-77                                                                                                                                                        
 app/core/states/storage                                                              |   76.47 |    65.51 |   68.96 |   82.05 |                                                                                                                                                              
  storage-state.service.ts                                                            |   76.47 |    65.51 |   68.96 |   82.05 | 77,83,107,116-127,152-156,165                                                                                                                                
 app/core/states/user-settings                                                        |    37.5 |    14.28 |   23.07 |    37.5 |                                                                                                                                                              
  user-settings-state.service.ts                                                      |    37.5 |    14.28 |   23.07 |    37.5 | 22-69                                                                                                                                                        
 app/core/utils                                                                       |   42.22 |     7.95 |    9.58 |   39.33 |                                                                                                                                                              
  address-helper.ts                                                                   |   66.66 |        0 |       0 |      50 | 4,11                                                                                                                                                         
  buttons.config.ts                                                                   |     100 |      100 |     100 |     100 |                                                                                                                                                              
  colors-helper.ts                                                                    |   39.13 |      100 |       0 |   38.09 | 6-12,16,20-24,28,36                                                                                                                                          
  conversations-helper.ts                                                             |   17.64 |        0 |       0 |   11.29 | 15,22,30-34,49-116,123-150,156-175                                                                                                                           
  date-helper.ts                                                                      |   39.65 |        0 |       0 |   30.95 | 14-34,38-54,58-61,74-77,84-91,95                                                                                                                             
  general-helpers.ts                                                                  |   31.86 |     4.95 |       5 |   27.65 | 24-25,30-31,35-38,42-46,50,54,58-61,65-69,76-105,111-116,120,124-127,133,137,141,145,149-162,168-170,174-186,192-197,202,206-216,220-235,239-241,247-248,257 
  platform-helper.ts                                                                  |     100 |      100 |     100 |     100 |                                                                                                                                                              
  platform.enum.ts                                                                    |     100 |      100 |     100 |     100 |                                                                                                                                                              
  regexp-patterns.ts                                                                  |     100 |      100 |     100 |     100 |                                                                                                                                                              
  settings-helper.ts                                                                  |      80 |    33.33 |      50 |      90 | 12                                                                                                                                                           
 app/non-authorized                                                                   |     100 |      100 |     100 |     100 |                                                                                                                                                              
  non-authorized.config.ts                                                            |     100 |      100 |     100 |     100 |                                                                                                                                                              
 app/non-authorized/pages/entry                                                       |   66.66 |       50 |      40 |    64.7 |                                                                                                                                                              
  entry.page.html                                                                     |     100 |      100 |     100 |     100 |                                                                                                                                                              
  entry.page.ts                                                                       |   65.71 |       50 |      40 |   63.63 | 35-42,48-49,63-68                                                                                                                                            
 app/non-authorized/pages/forgot-password/models                                      |      30 |      100 |       0 |      30 |                                                                                                                                                              
  forgot-password-content-strings.model.ts                                            |      30 |      100 |       0 |      30 | 6-29                                                                                                                                                         
 app/non-authorized/pages/pre-login/models                                            |   27.27 |        0 |       0 |   27.27 |                                                                                                                                                              
  prelogin-content-strings.model.ts                                                   |   27.27 |        0 |       0 |   27.27 | 6-25                                                                                                                                                         
 app/non-authorized/pages/registration/models                                         |   15.78 |        0 |       0 |   15.78 |                                                                                                                                                              
  registration-content-strings.model.ts                                               |   15.78 |        0 |       0 |   15.78 | 7-68                                                                                                                                                         
 app/non-authorized/pages/startup                                                     |   59.57 |    38.09 |   43.18 |    59.7 |                                                                                                                                                              
  connectivity-aware-facade.service.ts                                                |   21.73 |     9.09 |    5.26 |   21.42 | 31-109                                                                                                                                                       
  startup.page.html                                                                   |     100 |      100 |     100 |     100 |                                                                                                                                                              
  startup.page.ts                                                                     |   77.65 |       70 |      72 |   76.92 | 68,74,80,104-105,113,155-167,176-187,199-205                                                                                                                 
 app/sections                                                                         |     100 |      100 |     100 |     100 |                                                                                                                                                              
  section.config.ts                                                                   |     100 |      100 |     100 |     100 |                                                                                                                                                              
 app/sections/accounts                                                                |     100 |      100 |     100 |     100 |                                                                                                                                                              
  accounts.config.ts                                                                  |     100 |      100 |     100 |     100 |                                                                                                                                                              
 app/sections/accounts/pages/automatic-deposit-page                                   |   21.76 |     6.25 |    6.66 |    22.1 |                                                                                                                                                              
  auto-deposit.config.ts                                                              |   63.33 |       60 |      50 |   59.25 | 21,25,30-43                                                                                                                                                  
  automatic-deposit-page.component.html                                               |     100 |      100 |     100 |     100 |                                                                                                                                                              
  automatic-deposit-page.component.ts                                                 |   17.13 |     1.69 |    4.04 |   18.04 | 82-163,173-700                                                                                                                                               
 app/sections/accounts/pages/automatic-deposit-page/components/popover                |   85.71 |      100 |       0 |   83.33 |                                                                                                                                                              
  popover.component.html                                                              |     100 |      100 |     100 |     100 |                                                                                                                                                              
  popover.component.ts                                                                |   83.33 |      100 |       0 |      80 | 16                                                                                                                                                           
 app/sections/accounts/pages/automatic-deposit-page/service                           |      34 |        0 |       0 |   33.33 |                                                                                                                                                              
  auto-deposit-api-service.service.ts                                                 |   30.43 |      100 |       0 |      30 | 13-46                                                                                                                                                        
  auto-deposit.service.ts                                                             |   37.03 |        0 |       0 |      36 | 16-56                                                                                                                                                        
 app/sections/accounts/pages/deposit-page                                             |   13.55 |     2.81 |    0.91 |   13.63 |                                                                                                                                                              
  amount-range.validator.ts                                                           |   18.18 |        0 |       0 |   18.18 | 5-18                                                                                                                                                         
  deposit-page.component.html                                                         |     100 |      100 |     100 |     100 |                                                                                                                                                              
  deposit-page.component.ts                                                           |   13.48 |     3.22 |    1.42 |   13.59 | 53-563                                                                                                                                                       
  deposit-page.content.string.ts                                                      |   10.86 |        0 |       0 |   10.86 | 9-27,32-64,69-94,105-163                                                                                                                                     
 app/sections/accounts/pages/deposit-page/input-amount                                |   88.46 |      100 |      25 |   86.95 |                                                                                                                                                              
  input-amount.component.html                                                         |     100 |      100 |     100 |     100 |                                                                                                                                                              
  input-amount.component.ts                                                           |   76.92 |      100 |      25 |      75 | 21-29                                                                                                                                                        
  input-amount.module.ts                                                              |     100 |      100 |     100 |     100 |                                                                                                                                                              
 app/sections/accounts/pages/meal-donations                                           |     100 |      100 |     100 |     100 |                                                                                                                                                              
  meal-donation.config.ts                                                             |     100 |      100 |     100 |     100 |                                                                                                                                                              
 app/sections/accounts/pages/request-funds-page/resolvers                             |   94.11 |      100 |      75 |     100 |                                                                                                                                                              
  request-funds.resolver.ts                                                           |   94.11 |      100 |      75 |     100 |                                                                                                                                                              
 app/sections/accounts/services                                                       |   18.85 |        0 |       0 |      21 |                                                                                                                                                              
  accounts.service.ts                                                                 |   20.96 |        0 |       0 |   23.52 | 25-141                                                                                                                                                       
  deposit.service.ts                                                                  |   16.66 |        0 |       0 |   18.36 | 17-151                                                                                                                                                       
 app/sections/accounts/shared/pipes/account-display                                   |   58.33 |        0 |       0 |   57.89 |                                                                                                                                                              
  account-display.module.ts                                                           |     100 |      100 |     100 |     100 |                                                                                                                                                              
  account-display.pipe.ts                                                             |    37.5 |        0 |       0 |   38.46 | 11-23                                                                                                                                                        
 app/sections/accounts/shared/pipes/credit-card-type                                  |   92.85 |      100 |       0 |      90 |                                                                                                                                                              
  credit-card-type.module.ts                                                          |     100 |      100 |     100 |     100 |                                                                                                                                                              
  credit-card-type.pipe.ts                                                            |   83.33 |      100 |       0 |      75 | 9                                                                                                                                                            
  index.ts                                                                            |     100 |      100 |     100 |     100 |                                                                                                                                                              
 app/sections/accounts/shared/ui-components/confirm-deposit-popover                   |   76.19 |        0 |       0 |   72.22 |                                                                                                                                                              
  confirm-deposit-popover.component.html                                              |     100 |      100 |     100 |     100 |                                                                                                                                                              
  confirm-deposit-popover.component.ts                                                |      50 |        0 |       0 |   44.44 | 14-33                                                                                                                                                        
  confirm-deposit-popover.module.ts                                                   |     100 |      100 |     100 |     100 |                                                                                                                                                              
 app/sections/accounts/shared/ui-components/deposit-modal                             |   84.21 |      100 |       0 |   81.25 |                                                                                                                                                              
  deposit-modal.component.html                                                        |     100 |      100 |     100 |     100 |                                                                                                                                                              
  deposit-modal.component.ts                                                          |    62.5 |      100 |       0 |   57.14 | 14-19                                                                                                                                                        
  deposit-modal.module.ts                                                             |     100 |      100 |     100 |     100 |                                                                                                                                                              
 app/sections/accounts/shared/ui-components/filter                                    |   41.79 |    19.04 |   14.28 |    37.7 |                                                                                                                                                              
  date-util.ts                                                                        |   41.79 |    19.04 |   14.28 |    37.7 | 30,34,42-55,61-78,84-99,103-105                                                                                                                              
 app/sections/check-in                                                                |   76.92 |    66.66 |   66.66 |   76.92 |                                                                                                                                                              
  OrderCheckinStatus.ts                                                               |   66.66 |       50 |      50 |   66.66 | 12-18                                                                                                                                                        
  check-in-config.ts                                                                  |     100 |      100 |     100 |     100 |                                                                                                                                                              
 app/sections/check-in/components/scan-code                                           |   42.85 |      100 |       0 |   42.85 |                                                                                                                                                              
  scan-code-content-strings.model.ts                                                  |   42.85 |      100 |       0 |   42.85 | 6-18                                                                                                                                                         
 app/sections/check-in/contents-strings                                               |   19.04 |      100 |       0 |   19.04 |                                                                                                                                                              
  check-in-content-string.model.ts                                                    |   19.04 |      100 |       0 |   19.04 | 6,12-72                                                                                                                                                      
 app/sections/check-in/services                                                       |      75 |        0 |       0 |   71.42 |                                                                                                                                                              
  check-in-process-builder.ts                                                         |      75 |        0 |       0 |   71.42 | 9-13                                                                                                                                                         
 app/sections/dashboard                                                               |   47.55 |    14.58 |   24.19 |   50.48 |                                                                                                                                                              
  dashboard.component.html                                                            |     100 |      100 |     100 |     100 |                                                                                                                                                              
  dashboard.component.ts                                                              |      51 |     9.67 |   34.21 |   53.95 | 85,108-116,129,139-159,180-206,219-226,268-299,311,320-339                                                                                                   
  dashboard.config.ts                                                                 |     100 |      100 |     100 |     100 |                                                                                                                                                              
  tile-config-facade.service.ts                                                       |   16.66 |        0 |       0 |   17.02 | 12-107                                                                                                                                                       
 app/sections/dashboard/components/location-disclosure                                |   54.54 |      100 |       0 |   51.21 |                                                                                                                                                              
  location-disclosure-content-string.model.ts                                         |    37.5 |      100 |       0 |    37.5 | 6-22                                                                                                                                                         
  location-disclosure.component.html                                                  |     100 |      100 |     100 |     100 |                                                                                                                                                              
  location-disclosure.component.ts                                                    |   34.78 |      100 |       0 |   31.81 | 17-49                                                                                                                                                        
  location-disclosure.module.ts                                                       |     100 |      100 |     100 |     100 |                                                                                                                                                              
 app/sections/dashboard/containers/access-card                                        |   80.82 |        0 |   57.89 |      80 |                                                                                                                                                              
  access-card.component.html                                                          |     100 |      100 |     100 |     100 |                                                                                                                                                              
  access-card.component.ts                                                            |   76.66 |        0 |   57.89 |   76.27 | 68-87,101,115-121                                                                                                                                            
  access-card.module.ts                                                               |     100 |      100 |     100 |     100 |                                                                                                                                                              
  index.ts                                                                            |     100 |      100 |     100 |     100 |                                                                                                                                                              
 app/sections/dashboard/containers/access-card/services                               |   58.53 |        0 |   31.81 |    57.5 |                                                                                                                                                              
  access-card.service.ts                                                              |   58.53 |        0 |   31.81 |    57.5 | 26-30,35-36,42-44,50-52,58,64,70-80                                                                                                                          
 app/sections/dashboard/containers/conversations-tile                                 |    62.5 |        0 |       0 |   58.62 |                                                                                                                                                              
  conversations-tile.component.html                                                   |     100 |      100 |     100 |     100 |                                                                                                                                                              
  conversations-tile.component.ts                                                     |   33.33 |        0 |       0 |   29.41 | 15-42                                                                                                                                                        
  conversations-tile.module.ts                                                        |     100 |      100 |     100 |     100 |                                                                                                                                                              
 app/sections/dashboard/containers/explore-tile                                       |   52.94 |        0 |       0 |   53.33 |                                                                                                                                                              
  explore-tile.component.html                                                         |     100 |      100 |     100 |     100 |                                                                                                                                                              
  explore-tile.component.ts                                                           |      40 |        0 |       0 |   41.66 | 25-86                                                                                                                                                        
  explore-tile.module.ts                                                              |     100 |      100 |     100 |     100 |                                                                                                                                                              
 app/sections/dashboard/containers/housing-tile                                       |     100 |      100 |     100 |     100 |                                                                                                                                                              
  housing-tile.component.ts                                                           |     100 |      100 |     100 |     100 |                                                                                                                                                              
  housing-tile.module.ts                                                              |     100 |      100 |     100 |     100 |                                                                                                                                                              
 app/sections/dashboard/containers/meal-donations-tile                                |     100 |      100 |     100 |     100 |                                                                                                                                                              
  meal-donations-tile.component.ts                                                    |     100 |      100 |     100 |     100 |                                                                                                                                                              
  meal-donations-tile.module.ts                                                       |     100 |      100 |     100 |     100 |                                                                                                                                                              
 app/sections/dashboard/containers/mobile-access-tile                                 |   59.37 |      100 |       0 |   55.17 |                                                                                                                                                              
  mobile-access-tile.component.html                                                   |     100 |      100 |     100 |     100 |                                                                                                                                                              
  mobile-access-tile.component.ts                                                     |   38.09 |      100 |       0 |      35 | 18-45                                                                                                                                                        
  mobile-access-tile.module.ts                                                        |     100 |      100 |     100 |     100 |                                                                                                                                                              
 app/sections/dashboard/containers/mobile-access-tile/services                        |   16.92 |        0 |       0 |   16.12 |                                                                                                                                                              
  mobile-access.service.ts                                                            |   16.92 |        0 |       0 |   16.12 | 18-156                                                                                                                                                       
 app/sections/dashboard/containers/rewards-tile                                       |   52.94 |        0 |       0 |   53.57 |                                                                                                                                                              
  rewards-tile.component.html                                                         |     100 |      100 |     100 |     100 |                                                                                                                                                              
  rewards-tile.component.ts                                                           |    23.8 |        0 |       0 |   23.52 | 16-48                                                                                                                                                        
  rewards-tile.module.ts                                                              |     100 |      100 |     100 |     100 |                                                                                                                                                              
 app/sections/dashboard/containers/rewards-tile/services                              |   51.35 |        0 |   43.75 |   53.12 |                                                                                                                                                              
  rewards.service.ts                                                                  |   51.35 |        0 |   43.75 |   53.12 | 49-80                                                                                                                                                        
 app/sections/dashboard/containers/scan-card                                          |      75 |    47.05 |   42.85 |   75.28 |                                                                                                                                                              
  index.ts                                                                            |     100 |      100 |     100 |     100 |                                                                                                                                                              
  scan-card-resolver.service.ts                                                       |      75 |      100 |       0 |   71.42 | 12-15                                                                                                                                                        
  scan-card.component.html                                                            |     100 |      100 |     100 |     100 |                                                                                                                                                              
  scan-card.component.ts                                                              |   71.79 |    47.05 |   45.45 |   72.97 | 60,70,92,99-103,109,116-126,132-140,159-161,166-171                                                                                                          
  scan-card.routing.ts                                                                |     100 |      100 |     100 |     100 |                                                                                                                                                              
 app/sections/dashboard/containers/tile-wrapper                                       |   83.33 |      100 |       0 |      80 |                                                                                                                                                              
  tile-wrapper.component.html                                                         |     100 |      100 |     100 |     100 |                                                                                                                                                              
  tile-wrapper.component.ts                                                           |    62.5 |      100 |       0 |   57.14 | 17-21                                                                                                                                                        
  tile-wrapper.module.ts                                                              |     100 |      100 |     100 |     100 |                                                                                                                                                              
 app/sections/dashboard/containers/transactions-tile                                  |   63.33 |      100 |       0 |   59.25 |                                                                                                                                                              
  transactions-tile.component.html                                                    |     100 |      100 |     100 |     100 |                                                                                                                                                              
  transactions-tile.component.ts                                                      |   31.25 |      100 |       0 |   26.66 | 13-35                                                                                                                                                        
  transactions-tile.module.ts                                                         |     100 |      100 |     100 |     100 |                                                                                                                                                              
 app/sections/dashboard/containers/transactions-tile/services                         |    19.4 |        0 |       0 |   19.67 |                                                                                                                                                              
  transaction.service.ts                                                              |    19.4 |        0 |       0 |   19.67 | 27-148                                                                                                                                                       
 app/sections/dashboard/models                                                        |     100 |      100 |     100 |     100 |                                                                                                                                                              
  index.ts                                                                            |     100 |      100 |     100 |     100 |                                                                                                                                                              
  tile-wrapper-config.model.ts                                                        |     100 |      100 |     100 |     100 |                                                                                                                                                              
 app/sections/dashboard/services                                                      |    33.8 |        0 |    2.94 |   34.42 |                                                                                                                                                              
  accounts.service.ts                                                                 |   26.66 |        0 |       0 |      28 | 15-63                                                                                                                                                        
  android-permissions.service.ts                                                      |      75 |      100 |   33.33 |   71.42 | 13-17                                                                                                                                                        
  dashboard.service.ts                                                                |    25.8 |        0 |       0 |   25.92 | 15-66                                                                                                                                                        
  index.ts                                                                            |     100 |      100 |     100 |     100 |                                                                                                                                                              
 app/sections/explore                                                                 |     100 |      100 |     100 |     100 |                                                                                                                                                              
  explore.config.ts                                                                   |     100 |      100 |     100 |     100 |                                                                                                                                                              
 app/sections/explore/services                                                        |      35 |        0 |       0 |   38.23 |                                                                                                                                                              
  explore.service.ts                                                                  |      35 |        0 |       0 |   38.23 | 20-81                                                                                                                                                        
 app/sections/guest/dashboard                                                         |   83.87 |    23.07 |   71.42 |    86.2 |                                                                                                                                                              
  guest-dashboard.component.html                                                      |     100 |      100 |     100 |     100 |                                                                                                                                                              
  guest-dashboard.component.ts                                                        |   83.33 |    23.07 |   71.42 |   85.71 | 49-51,60                                                                                                                                                     
 app/sections/guest/dashboard/model                                                   |      75 |      100 |       0 |      75 |                                                                                                                                                              
  guest-dashboard-cs.model.ts                                                         |      75 |      100 |       0 |      75 | 6                                                                                                                                                            
 app/sections/guest/deposit/model                                                     |      25 |      100 |       0 |      25 |                                                                                                                                                              
  guest-deposit-cs.model.ts                                                           |      25 |      100 |       0 |      25 | 7-39                                                                                                                                                         
 app/sections/guest/guest-deposits/components/identify-recipient                      |   18.75 |      100 |       0 |   18.75 |                                                                                                                                                              
  identity-recipient.content.string.ts                                                |   18.75 |      100 |       0 |   18.75 | 6-51                                                                                                                                                         
 app/sections/guest/model                                                             |   27.27 |      100 |       0 |   27.27 |                                                                                                                                                              
  guest-add-funds.content.strings.ts                                                  |   27.27 |      100 |       0 |   27.27 | 6-34                                                                                                                                                         
 app/sections/housing                                                                 |   25.95 |     4.54 |    2.09 |    25.9 |                                                                                                                                                              
  housing-proxy.service.ts                                                            |    32.5 |        0 |    4.54 |   32.43 | 23-110                                                                                                                                                       
  housing.config.ts                                                                   |     100 |      100 |     100 |     100 |                                                                                                                                                              
  housing.model.ts                                                                    |      40 |     4.34 |    4.76 |   40.54 | 62-82,102-110,122-126,138-142,155-159,172-179,185,196-200,213-217                                                                                            
  housing.service.ts                                                                  |   14.22 |        0 |       0 |   13.97 | 59-584                                                                                                                                                       
 app/sections/housing/actions                                                         |   67.85 |      100 |       0 |      64 |                                                                                                                                                              
[...]
  global-nav.service.ts                                                               |    42.3 |        0 |    7.14 |    40.9 | 16-63                                                                                                                                                        
  navigation-facade-settings.service.ts                                               |   39.68 |     8.33 |      20 |      40 | 35-42,50-54,62-123                                                                                                                                           
 app/shared/ui-components/st-global-popover                                           |   46.15 |        0 |       0 |   41.66 |                                                                                                                                                              
  index.ts                                                                            |     100 |      100 |     100 |     100 |                                                                                                                                                              
  st-global-popover.component.html                                                    |     100 |      100 |     100 |     100 |                                                                                                                                                              
  st-global-popover.component.ts                                                      |   36.36 |        0 |       0 |      30 | 19-38                                                                                                                                                        
 app/shared/ui-components/st-header                                                   |   83.33 |        0 |   33.33 |   81.25 |                                                                                                                                                              
  index.ts                                                                            |     100 |      100 |     100 |     100 |                                                                                                                                                              
  st-header.component.html                                                            |     100 |      100 |     100 |     100 |                                                                                                                                                              
  st-header.component.ts                                                              |   76.92 |        0 |   33.33 |      75 | 33-37,45-52                                                                                                                                                  
  st-header.module.ts                                                                 |     100 |      100 |     100 |     100 |                                                                                                                                                              
 app/shared/ui-components/st-hierarchy-tree                                           |   47.82 |        0 |       0 |   45.45 |                                                                                                                                                              
  index.ts                                                                            |     100 |      100 |     100 |     100 |                                                                                                                                                              
  st-hierarchy-tree.component.html                                                    |     100 |      100 |     100 |     100 |                                                                                                                                                              
  st-hierarchy-tree.component.ts                                                      |   42.85 |        0 |       0 |      40 | 17-58                                                                                                                                                        
 app/shared/ui-components/st-hierarchy-tree-dialog                                    |    6.95 |        0 |       0 |    6.19 |                                                                                                                                                              
  st-hierarchy-tree-dialog.component.html                                             |     100 |      100 |     100 |     100 |                                                                                                                                                              
  st-hierarchy-tree-dialog.component.ts                                               |    6.14 |        0 |       0 |    5.35 | 14-271                                                                                                                                                       
 app/shared/ui-components/st-input-floating-label                                     |   32.07 |        0 |       0 |   28.57 |                                                                                                                                                              
  index.ts                                                                            |     100 |      100 |     100 |     100 |                                                                                                                                                              
  st-input-floating-label.component.html                                              |     100 |      100 |     100 |     100 |                                                                                                                                                              
  st-input-floating-label.component.ts                                                |   14.28 |        0 |       0 |    12.5 | 17,28-131                                                                                                                                                    
  st-input-floating-label.module.ts                                                   |     100 |      100 |     100 |     100 |                                                                                                                                                              
 app/shared/ui-components/st-native-startup-popover                                   |    62.5 |      100 |       0 |   57.14 |                                                                                                                                                              
  index.ts                                                                            |     100 |      100 |     100 |     100 |                                                                                                                                                              
  st-native-startup-popover.component.html                                            |     100 |      100 |     100 |     100 |                                                                                                                                                              
  st-native-startup-popover.component.ts                                              |      50 |      100 |       0 |      40 | 18-24                                                                                                                                                        
 app/shared/ui-components/st-nav-tabs                                                 |      40 |        0 |       0 |   38.88 |                                                                                                                                                              
  index.ts                                                                            |     100 |      100 |     100 |     100 |                                                                                                                                                              
  st-nav-tabs.component.html                                                          |     100 |      100 |     100 |     100 |                                                                                                                                                              
  st-nav-tabs.component.ts                                                            |   33.33 |        0 |       0 |   31.25 | 14-41                                                                                                                                                        
 app/shared/ui-components/st-popover-layout                                           |   94.44 |        0 |      50 |   93.33 |                                                                                                                                                              
  index.ts                                                                            |     100 |      100 |     100 |     100 |                                                                                                                                                              
  st-popover-layout.component.html                                                    |     100 |      100 |     100 |     100 |                                                                                                                                                              
  st-popover-layout.component.ts                                                      |   85.71 |        0 |      50 |   83.33 | 18                                                                                                                                                           
  st-popover-layout.module.ts                                                         |     100 |      100 |     100 |     100 |                                                                                                                                                              
 app/shared/ui-components/st-progress-bar                                             |      60 |        0 |       0 |   56.25 |                                                                                                                                                              
  index.ts                                                                            |     100 |      100 |     100 |     100 |                                                                                                                                                              
  st-progress-bar.component.html                                                      |     100 |      100 |     100 |     100 |                                                                                                                                                              
  st-progress-bar.component.ts                                                        |   27.27 |        0 |       0 |   22.22 | 12-25                                                                                                                                                        
  st-progress-bar.module.ts                                                           |     100 |      100 |     100 |     100 |                                                                                                                                                              
 app/shared/ui-components/st-select-floating-label                                    |    40.9 |        0 |       0 |    37.5 |                                                                                                                                                              
  index.ts                                                                            |     100 |      100 |     100 |     100 |                                                                                                                                                              
  st-select-floating-label.component.html                                             |     100 |      100 |     100 |     100 |                                                                                                                                                              
  st-select-floating-label.component.ts                                               |   21.21 |        0 |       0 |   19.35 | 18,30-104                                                                                                                                                    
  st-select-floating-label.module.ts                                                  |     100 |      100 |     100 |     100 |                                                                                                                                                              
 app/shared/ui-components/st-spinner                                                  |   83.33 |      100 |       0 |      80 |                                                                                                                                                              
  index.ts                                                                            |     100 |      100 |     100 |     100 |                                                                                                                                                              
  st-spinner.component.html                                                           |     100 |      100 |     100 |     100 |                                                                                                                                                              
  st-spinner.component.ts                                                             |      75 |      100 |       0 |   66.66 | 9                                                                                                                                                            
 app/shared/ui-components/st-textarea-floating-label                                  |   41.66 |        0 |       0 |   36.36 |                                                                                                                                                              
  index.ts                                                                            |     100 |      100 |     100 |     100 |                                                                                                                                                              
  st-textarea-floating-label.component.html                                           |     100 |      100 |     100 |     100 |                                                                                                                                                              
  st-textarea-floating-label.component.ts                                             |   19.23 |        0 |       0 |      16 | 6,17-82                                                                                                                                                      
  st-textarea-floating-label.module.ts                                                |     100 |      100 |     100 |     100 |                                                                                                                                                              
 app/shared/ui-components/success-summary                                             |    60.6 |      100 |       0 |   56.66 |                                                                                                                                                              
  st-success-summary.component.html                                                   |     100 |      100 |     100 |     100 |                                                                                                                                                              
  st-success-summary.component.ts                                                     |   27.77 |      100 |       0 |   23.52 | 31-54                                                                                                                                                        
  st-success-summary.module.ts                                                        |     100 |      100 |     100 |     100 |                                                                                                                                                              
 app/testing                                                                          |     100 |      100 |     100 |     100 |                                                                                                                                                              
  core-modules.ts                                                                     |     100 |      100 |     100 |     100 |                                                                                                                                                              
  core-providers.ts                                                                   |     100 |      100 |     100 |     100 |                                                                                                                                                              
 app/testing/mock-services                                                            |     100 |      100 |     100 |     100 |                                                                                                                                                              
  index.ts                                                                            |     100 |      100 |     100 |     100 |                                                                                                                                                              
  mock-accounts.service.ts                                                            |     100 |      100 |     100 |     100 |                                                                                                                                                              
  mock-app-events.service.ts                                                          |     100 |      100 |     100 |     100 |                                                                                                                                                              
  mock-auth.service.ts                                                                |     100 |      100 |     100 |     100 |                                                                                                                                                              
  mock-rewards-api.service.ts                                                         |     100 |      100 |     100 |     100 |                                                                                                                                                              
--------------------------------------------------------------------------------------|---------|----------|---------|---------|--------------------------------------------------------------------------------------------------------------------------------------------------------------
